<?xml version="1.0" encoding="UTF-8" ?>
<testsuite errors="1" failures="0" hostname="DESKTOP-5JLHO2Q" name="UnitTests.ModelTests.HorizontalStreakTests.HorizontalStreakTest" skipped="0" tests="1" time="0.0" timestamp="2024-07-17T14:29:36">
  <properties>
    <property name="ant.library.dir" value="C:\Program Files\apache-ant-1.10.14\lib" />
    <property name="ant.file.type" value="file" />
    <property name="java.specification.version" value="17" />
    <property name="sun.cpu.isalist" value="amd64" />
    <property name="sun.jnu.encoding" value="MS932" />
    <property name="test.src.dir" value="./Test/src" />
    <property name="java.class.path" value="C:\Program Files\apache-ant-1.10.14\lib\ant-launcher.jar;C:\Program Files\apache-ant-1.10.14\lib\ant-antlr.jar;C:\Program Files\apache-ant-1.10.14\lib\ant-apache-bcel.jar;C:\Program Files\apache-ant-1.10.14\lib\ant-apache-bsf.jar;C:\Program Files\apache-ant-1.10.14\lib\ant-apache-log4j.jar;C:\Program Files\apache-ant-1.10.14\lib\ant-apache-oro.jar;C:\Program Files\apache-ant-1.10.14\lib\ant-apache-regexp.jar;C:\Program Files\apache-ant-1.10.14\lib\ant-apache-resolver.jar;C:\Program Files\apache-ant-1.10.14\lib\ant-apache-xalan2.jar;C:\Program Files\apache-ant-1.10.14\lib\ant-commons-logging.jar;C:\Program Files\apache-ant-1.10.14\lib\ant-commons-net.jar;C:\Program Files\apache-ant-1.10.14\lib\ant-imageio.jar;C:\Program Files\apache-ant-1.10.14\lib\ant-jai.jar;C:\Program Files\apache-ant-1.10.14\lib\ant-jakartamail.jar;C:\Program Files\apache-ant-1.10.14\lib\ant-javamail.jar;C:\Program Files\apache-ant-1.10.14\lib\ant-jdepend.jar;C:\Program Files\apache-ant-1.10.14\lib\ant-jmf.jar;C:\Program Files\apache-ant-1.10.14\lib\ant-jsch.jar;C:\Program Files\apache-ant-1.10.14\lib\ant-junit.jar;C:\Program Files\apache-ant-1.10.14\lib\ant-junit4.jar;C:\Program Files\apache-ant-1.10.14\lib\ant-junitlauncher.jar;C:\Program Files\apache-ant-1.10.14\lib\ant-launcher.jar;C:\Program Files\apache-ant-1.10.14\lib\ant-netrexx.jar;C:\Program Files\apache-ant-1.10.14\lib\ant-swing.jar;C:\Program Files\apache-ant-1.10.14\lib\ant-testutil.jar;C:\Program Files\apache-ant-1.10.14\lib\ant-xz.jar;C:\Program Files\apache-ant-1.10.14\lib\ant.jar" />
    <property name="java.vm.vendor" value="Oracle Corporation" />
    <property name="sun.arch.data.model" value="64" />
    <property name="user.variant" value="" />
    <property name="java.vendor.url" value="https://java.oracle.com/" />
    <property name="java.vm.specification.version" value="17" />
    <property name="os.name" value="Windows 10" />
    <property name="reports.dir" value="./Test/reports" />
    <property name="sun.java.launcher" value="SUN_STANDARD" />
    <property name="user.country" value="GB" />
    <property name="sun.boot.library.path" value="C:\Program Files\Java\jdk-17\bin" />
    <property name="sun.java.command" value="org.apache.tools.ant.launch.Launcher build" />
    <property name="jdk.debug" value="release" />
    <property name="sun.cpu.endian" value="little" />
    <property name="user.home" value="C:\Users\Hamza" />
    <property name="user.language" value="en" />
    <property name="sun.stderr.encoding" value="ms932" />
    <property name="java.specification.vendor" value="Oracle Corporation" />
    <property name="java.version.date" value="2024-01-16" />
    <property name="java.home" value="C:\Program Files\Java\jdk-17" />
    <property name="file.separator" value="\" />
    <property name="basedir" value="C:\Users\Hamza\ConnectFour" />
    <property name="java.vm.compressedOopsMode" value="Zero based" />
    <property name="line.separator" value="&#xd;&#xa;" />
    <property name="sun.stdout.encoding" value="ms932" />
    <property name="ant.java.version" value="17" />
    <property name="java.vm.specification.vendor" value="Oracle Corporation" />
    <property name="java.specification.name" value="Java Platform API Specification" />
    <property name="tested-build" value="no" />
    <property name="user.script" value="" />
    <property name="sun.management.compiler" value="HotSpot 64-Bit Tiered Compilers" />
    <property name="java.runtime.version" value="17.0.10+11-LTS-240" />
    <property name="user.name" value="Hamza" />
    <property name="ant.file" value="C:\Users\Hamza\ConnectFour\build.xml" />
    <property name="path.separator" value=";" />
    <property name="os.version" value="10.0" />
    <property name="java.runtime.name" value="Java(TM) SE Runtime Environment" />
    <property name="file.encoding" value="MS932" />
    <property name="ant.project.invoked-targets" value="build" />
    <property name="java.vm.name" value="Java HotSpot(TM) 64-Bit Server VM" />
    <property name="build.dir" value="./build" />
    <property name="ant.core.lib" value="C:\Program Files\apache-ant-1.10.14\lib\ant.jar" />
    <property name="java.vendor.url.bug" value="https://bugreport.java.com/bugreport/" />
    <property name="java.io.tmpdir" value="C:\Users\Hamza\AppData\Local\Temp\" />
    <property name="java.version" value="17.0.10" />
    <property name="user.dir" value="C:\Users\Hamza\ConnectFour" />
    <property name="os.arch" value="amd64" />
    <property name="java.vm.specification.name" value="Java Virtual Machine Specification" />
    <property name="ant.home" value="C:\Program Files\apache-ant-1.10.14" />
    <property name="lib.dir" value="./lib" />
    <property name="sun.os.patch.level" value="" />
    <property name="native.encoding" value="MS932" />
    <property name="ant.version" value="Apache Ant(TM) version 1.10.14 compiled on August 16 2023" />
    <property name="java.library.path" value="C:\Program Files\Java\jdk-17\bin;C:\WINDOWS\Sun\Java\bin;C:\WINDOWS\system32;C:\WINDOWS;C:\Program Files\Common Files\Oracle\Java\javapath;C:\Python311\Scripts\;C:\Python311\;C:\WINDOWS\system32;C:\WINDOWS;C:\WINDOWS\System32\Wbem;C:\WINDOWS\System32\WindowsPowerShell\v1.0\;C:\WINDOWS\System32\OpenSSH\;C:\Program Files\NVIDIA Corporation\NVIDIA NvDLISR;C:\Program Files\Git\cmd;C:\Program Files\dotnet\;C:\Users\Hamza\AppData\Local\Programs\Python\Python37;C:\Program Files (x86)\NVIDIA Corporation\PhysX\Common;C:\Program Files\CMake\bin;C:\Program Files\Java\jdk-17\bin;C:\ProgramData\chocolatey\bin;C:\Program Files\nodejs\;C:\WINDOWS\system32;C:\WINDOWS;C:\WINDOWS\System32\Wbem;C:\WINDOWS\System32\WindowsPowerShell\v1.0\;C:\WINDOWS\System32\OpenSSH\;C:\Program Files\apache-maven-3.9.6\bin;C:\Program Files\apache-ant-1.10.14\bin;C:\Program Files\MySQL\MySQL Shell 8.0\bin\;C:\Users\Hamza\AppData\Local\Microsoft\WindowsApps;C:\Program Files\JetBrains\IntelliJ IDEA 2021.3.3\bin;;C:\Users\Hamza\AppData\Local\Programs\Microsoft VS Code\bin;C:\Users\Hamza\AppData\Local\GitHubDesktop\bin;C:\Users\Hamza\AppData\Roaming\npm;;." />
    <property name="java.vendor" value="Oracle Corporation" />
    <property name="java.vm.info" value="mixed mode, sharing" />
    <property name="java.vm.version" value="17.0.10+11-LTS-240" />
    <property name="sun.io.unicode.encoding" value="UnicodeLittle" />
    <property name="clean-build" value="yes" />
    <property name="java.class.version" value="61.0" />
    <property name="src.dir" value="./src" />
  </properties>
  <error message="UnitTests.ModelTests.HorizontalStreakTests.HorizontalStreakTest" type="java.lang.ClassNotFoundException">java.lang.ClassNotFoundException: UnitTests.ModelTests.HorizontalStreakTests.HorizontalStreakTest
	at java.base/java.lang.ClassLoader.loadClass(ClassLoader.java:520)
	at java.base/java.lang.Class.forName0(Native Method)
	at java.base/java.lang.Class.forName(Class.java:467)
	at java.base/jdk.internal.reflect.NativeMethodAccessorImpl.invoke0(Native Method)
	at java.base/jdk.internal.reflect.NativeMethodAccessorImpl.invoke(NativeMethodAccessorImpl.java:77)
	at java.base/jdk.internal.reflect.DelegatingMethodAccessorImpl.invoke(DelegatingMethodAccessorImpl.java:43)
</error>
  <system-out><![CDATA[]]></system-out>
  <system-err><![CDATA[]]></system-err>
</testsuite>
